<?xml version="1.0" encoding="UTF-8"?>
<!-- Generated by org.testng.reporters.JUnitReportReporter -->
<testsuite hostname="LAPTOP-PSK043T1" failures="0" tests="1" name="suite.TestApp" time="1.319" errors="0" timestamp="2024-09-01T13:21:35 CST" skipped="0">
  <testcase classname="suite.TestApp" name="f" time="1.319"/>
</testsuite> <!-- suite.TestApp -->
