<?xml version="1.0" encoding="UTF-8"?>
<!-- Generated by org.testng.reporters.JUnitReportReporter -->
<testsuite hostname="LAPTOP-PSK043T1" failures="0" tests="1" name="page.tests.PageLoginTest" time="2.218" errors="0" timestamp="2024-09-01T13:42:06 CST" skipped="0">
  <testcase classname="page.tests.PageLoginTest" name="Test01" time="2.218"/>
</testsuite> <!-- page.tests.PageLoginTest -->
